--- Copying files at Sat Oct  6 08:42:45 UTC 2018
INSTALLED init.groovy.d/tcp-slave-agent-port.groovy
--- Copying files at Sat Oct  6 09:17:49 UTC 2018
--- Copying files at Sat Oct  6 09:36:50 UTC 2018
--- Copying files at Sat Oct  6 12:24:55 UTC 2018
--- Copying files at Sat Oct  6 12:42:54 UTC 2018
--- Copying files at Sat Oct  6 12:58:15 UTC 2018
--- Copying files at Sat Oct  6 13:24:44 UTC 2018
--- Copying files at Sat Oct  6 22:18:23 UTC 2018
--- Copying files at Sat Oct  6 22:35:41 UTC 2018
--- Copying files at Sat Oct  6 22:50:15 UTC 2018
--- Copying files at Sat Oct  6 23:09:25 UTC 2018
--- Copying files at Sat Oct  6 23:24:00 UTC 2018
--- Copying files at Sat Oct  6 23:28:38 UTC 2018
--- Copying files at Sun Oct  7 01:37:35 UTC 2018
--- Copying files at Sun Oct  7 01:44:09 UTC 2018
--- Copying files at Sun Oct  7 01:47:31 UTC 2018
--- Copying files at Sun Oct  7 01:49:55 UTC 2018
--- Copying files at Sun Oct  7 12:21:58 UTC 2018
--- Copying files at Sun Oct  7 12:28:28 UTC 2018
--- Copying files at Sun Oct  7 14:35:19 UTC 2018
--- Copying files at Sun Oct  7 14:37:09 UTC 2018
--- Copying files at Sun Oct  7 14:38:30 UTC 2018
--- Copying files at Sun Oct  7 14:43:55 UTC 2018
--- Copying files at Sun Oct  7 15:09:58 UTC 2018
--- Copying files at Wed Oct 10 18:02:37 UTC 2018
--- Copying files at Tue Oct 16 20:16:43 UTC 2018
